<?xml version="1.0" encoding="UTF-8"?><testsuite errors="0" failures="0" name="net.serenitybdd.starter.SerenityWithJunit.features.search.SearchByKeywordStory" skipped="1" tests="3" time="20.0" timestamp="2019-01-29T08:44:30.876+07:00[Asia/Bangkok]"><testcase classname="net.serenitybdd.starter.SerenityWithJunit.features.search.SearchByKeywordStory" name="Searching by keyword banana should display the corresponding article"/><testcase classname="net.serenitybdd.starter.SerenityWithJunit.features.search.SearchByKeywordStory" name="Searching by ambiguious keyword should display the disambiguation page"><skipped/></testcase><testcase classname="net.serenitybdd.starter.SerenityWithJunit.features.search.SearchByKeywordStory" name="Searching by keyword apple should display the corresponding article"/></testsuite>